<?xml version="1.0" encoding="UTF-8"?>
<Site BuildName="Linux-g++"
	BuildStamp="20241209-1317-Experimental"
	Name="fedora"
	Generator="ctest-3.30.5"
	CompilerName="/usr/bin/g++"
	CompilerVersion="14.2.1"
	OSName="Linux"
	Hostname="fedora"
	OSRelease="6.11.8-200.fc40.x86_64"
	OSVersion="#1 SMP PREEMPT_DYNAMIC Thu Nov 14 20:38:18 UTC 2024"
	OSPlatform="x86_64"
	Is64Bits="1"
	VendorString="GenuineIntel"
	VendorID="Intel Corporation"
	FamilyID="6"
	ModelID="78"
	ProcessorCacheSize="3072"
	NumberOfLogicalCPU="4"
	NumberOfPhysicalCPU="2"
	TotalVirtualMemory="8191"
	TotalPhysicalMemory="15841"
	LogicalProcessorsPerPhysical="2"
	ProcessorClockFrequency="799.99"
	>
	<Testing>
		<StartDateTime>Dec 09 15:24 CET</StartDateTime>
		<StartTestTime>1733754259</StartTestTime>
		<TestList/>
		<EndDateTime>Dec 09 15:24 CET</EndDateTime>
		<EndTestTime>1733754259</EndTestTime>
		<ElapsedMinutes>0</ElapsedMinutes>
	</Testing>
</Site>
