<?xml version="1.0" encoding="UTF-8"?>
<Site BuildName="Linux-g++"
	BuildStamp="20241118-0716-Experimental"
	Name="fedora"
	Generator="ctest-3.28.2"
	CompilerName="/usr/bin/g++"
	CompilerVersion="14.2.1"
	OSName="Linux"
	Hostname="fedora"
	OSRelease="6.8.5-301.fc40.x86_64"
	OSVersion="#1 SMP PREEMPT_DYNAMIC Thu Apr 11 20:00:10 UTC 2024"
	OSPlatform="x86_64"
	Is64Bits="1"
	VendorString="GenuineIntel"
	VendorID="Intel Corporation"
	FamilyID="6"
	ModelID="78"
	ProcessorCacheSize="3072"
	NumberOfLogicalCPU="4"
	NumberOfPhysicalCPU="2"
	TotalVirtualMemory="8191"
	TotalPhysicalMemory="15844"
	LogicalProcessorsPerPhysical="2"
	ProcessorClockFrequency="799.99"
	>
	<Testing>
		<StartDateTime>Nov 18 13:22 CET</StartDateTime>
		<StartTestTime>1731932533</StartTestTime>
		<TestList/>
		<EndDateTime>Nov 18 13:22 CET</EndDateTime>
		<EndTestTime>1731932533</EndTestTime>
		<ElapsedMinutes>0</ElapsedMinutes>
	</Testing>
</Site>
